# JRE version: OpenJDK Runtime Environment (8.0_76-b03) (build 1.8.0_76-release-b03)
# Java VM: OpenJDK 64-Bit Server VM (25.76-b03 mixed mode windows-amd64 compressed oops)
Heap:
 PSYoungGen      total 348672K, used 280286K [0x00000000e0000000, 0x00000000ffd00000, 0x0000000100000000)
  eden space 183808K, 100% used [0x00000000e0000000,0x00000000eb380000,0x00000000eb380000)
  from space 164864K, 58% used [0x00000000eb380000,0x00000000f11b7a50,0x00000000f5480000)
  to   space 166400K, 72% used [0x00000000f5a80000,0x00000000fd021d10,0x00000000ffd00000)
 ParOldGen       total 1048576K, used 79703K [0x00000000a0000000, 0x00000000e0000000, 0x00000000e0000000)
  object space 1048576K, 7% used [0x00000000a0000000,0x00000000a4dd5c98,0x00000000e0000000)
 Metaspace       used 70969K, capacity 73958K, committed 74368K, reserved 1114112K
  class space    used 9022K, capacity 9590K, committed 9856K, reserved 1048576K
GC Heap History (10 events):
Event: 2203.667 GC heap after
Heap after GC invocations=252 (full 23):
 PSYoungGen      total 349696K, used 2950K [0x00000000e0000000, 0x0000000100000000, 0x0000000100000000)
  eden space 175104K, 0% used [0x00000000e0000000,0x00000000e0000000,0x00000000eab00000)
  from space 174592K, 1% used [0x00000000eab00000,0x00000000eade1bb8,0x00000000f5580000)
  to   space 174592K, 0% used [0x00000000f5580000,0x00000000f5580000,0x0000000100000000)
 ParOldGen       total 1048576K, used 79639K [0x00000000a0000000, 0x00000000e0000000, 0x00000000e0000000)
  object space 1048576K, 7% used [0x00000000a0000000,0x00000000a4dc5c98,0x00000000e0000000)
 Metaspace       used 70969K, capacity 73958K, committed 74368K, reserved 1114112K
  class space    used 9022K, capacity 9590K, committed 9856K, reserved 1048576K
}
Event: 2203.818 GC heap before
{Heap before GC invocations=253 (full 23):
 PSYoungGen      total 349696K, used 178054K [0x00000000e0000000, 0x0000000100000000, 0x0000000100000000)
  eden space 175104K, 100% used [0x00000000e0000000,0x00000000eab00000,0x00000000eab00000)
  from space 174592K, 1% used [0x00000000eab00000,0x00000000eade1bb8,0x00000000f5580000)
  to   space 174592K, 0% used [0x00000000f5580000,0x00000000f5580000,0x0000000100000000)
 ParOldGen       total 1048576K, used 79639K [0x00000000a0000000, 0x00000000e0000000, 0x00000000e0000000)
  object space 1048576K, 7% used [0x00000000a0000000,0x00000000a4dc5c98,0x00000000e0000000)
 Metaspace       used 70969K, capacity 73958K, committed 74368K, reserved 1114112K
  class space    used 9022K, capacity 9590K, committed 9856K, reserved 1048576K
Event: 2203.847 GC heap after
Heap after GC invocations=253 (full 23):
 PSYoungGen      total 349696K, used 20749K [0x00000000e0000000, 0x0000000100000000, 0x0000000100000000)
  eden space 175104K, 0% used [0x00000000e0000000,0x00000000e0000000,0x00000000eab00000)
  from space 174592K, 11% used [0x00000000f5580000,0x00000000f69c3428,0x0000000100000000)
  to   space 174592K, 0% used [0x00000000eab00000,0x00000000eab00000,0x00000000f5580000)
 ParOldGen       total 1048576K, used 79703K [0x00000000a0000000, 0x00000000e0000000, 0x00000000e0000000)
  object space 1048576K, 7% used [0x00000000a0000000,0x00000000a4dd5c98,0x00000000e0000000)
 Metaspace       used 70969K, capacity 73958K, committed 74368K, reserved 1114112K
  class space    used 9022K, capacity 9590K, committed 9856K, reserved 1048576K
}
Event: 2204.049 GC heap before
{Heap before GC invocations=254 (full 23):
 PSYoungGen      total 349696K, used 195853K [0x00000000e0000000, 0x0000000100000000, 0x0000000100000000)
  eden space 175104K, 100% used [0x00000000e0000000,0x00000000eab00000,0x00000000eab00000)
  from space 174592K, 11% used [0x00000000f5580000,0x00000000f69c3428,0x0000000100000000)
  to   space 174592K, 0% used [0x00000000eab00000,0x00000000eab00000,0x00000000f5580000)
 ParOldGen       total 1048576K, used 79703K [0x00000000a0000000, 0x00000000e0000000, 0x00000000e0000000)
  object space 1048576K, 7% used [0x00000000a0000000,0x00000000a4dd5c98,0x00000000e0000000)
 Metaspace       used 70969K, capacity 73958K, committed 74368K, reserved 1114112K
  class space    used 9022K, capacity 9590K, committed 9856K, reserved 1048576K
Event: 2204.111 GC heap after
Heap after GC invocations=254 (full 23):
 PSYoungGen      total 221184K, used 45821K [0x00000000e0000000, 0x00000000ffe00000, 0x0000000100000000)
  eden space 175104K, 0% used [0x00000000e0000000,0x00000000e0000000,0x00000000eab00000)
  from space 46080K, 99% used [0x00000000eab00000,0x00000000ed7bf540,0x00000000ed800000)
  to   space 173568K, 0% used [0x00000000f5480000,0x00000000f5480000,0x00000000ffe00000)
 ParOldGen       total 1048576K, used 79703K [0x00000000a0000000, 0x00000000e0000000, 0x00000000e0000000)
  object space 1048576K, 7% used [0x00000000a0000000,0x00000000a4dd5c98,0x00000000e0000000)
 Metaspace       used 70969K, capacity 73958K, committed 74368K, reserved 1114112K
  class space    used 9022K, capacity 9590K, committed 9856K, reserved 1048576K
}
Event: 2204.291 GC heap before
{Heap before GC invocations=255 (full 23):
 PSYoungGen      total 221184K, used 220925K [0x00000000e0000000, 0x00000000ffe00000, 0x0000000100000000)
  eden space 175104K, 100% used [0x00000000e0000000,0x00000000eab00000,0x00000000eab00000)
  from space 46080K, 99% used [0x00000000eab00000,0x00000000ed7bf540,0x00000000ed800000)
  to   space 173568K, 0% used [0x00000000f5480000,0x00000000f5480000,0x00000000ffe00000)
 ParOldGen       total 1048576K, used 79703K [0x00000000a0000000, 0x00000000e0000000, 0x00000000e0000000)
  object space 1048576K, 7% used [0x00000000a0000000,0x00000000a4dd5c98,0x00000000e0000000)
 Metaspace       used 70969K, capacity 73958K, committed 74368K, reserved 1114112K
  class space    used 9022K, capacity 9590K, committed 9856K, reserved 1048576K
Event: 2204.385 GC heap after
Heap after GC invocations=255 (full 23):
 PSYoungGen      total 354816K, used 70527K [0x00000000e0000000, 0x00000000ffb80000, 0x0000000100000000)
  eden space 183808K, 0% used [0x00000000e0000000,0x00000000e0000000,0x00000000eb380000)
  from space 171008K, 41% used [0x00000000f5480000,0x00000000f995fc50,0x00000000ffb80000)
  to   space 164864K, 0% used [0x00000000eb380000,0x00000000eb380000,0x00000000f5480000)
 ParOldGen       total 1048576K, used 79703K [0x00000000a0000000, 0x00000000e0000000, 0x00000000e0000000)
  object space 1048576K, 7% used [0x00000000a0000000,0x00000000a4dd5c98,0x00000000e0000000)
 Metaspace       used 70969K, capacity 73958K, committed 74368K, reserved 1114112K
  class space    used 9022K, capacity 9590K, committed 9856K, reserved 1048576K
}
Event: 2204.569 GC heap before
{Heap before GC invocations=256 (full 23):
 PSYoungGen      total 354816K, used 254335K [0x00000000e0000000, 0x00000000ffb80000, 0x0000000100000000)
  eden space 183808K, 100% used [0x00000000e0000000,0x00000000eb380000,0x00000000eb380000)
  from space 171008K, 41% used [0x00000000f5480000,0x00000000f995fc50,0x00000000ffb80000)
  to   space 164864K, 0% used [0x00000000eb380000,0x00000000eb380000,0x00000000f5480000)
 ParOldGen       total 1048576K, used 79703K [0x00000000a0000000, 0x00000000e0000000, 0x00000000e0000000)
  object space 1048576K, 7% used [0x00000000a0000000,0x00000000a4dd5c98,0x00000000e0000000)
 Metaspace       used 70969K, capacity 73958K, committed 74368K, reserved 1114112K
  class space    used 9022K, capacity 9590K, committed 9856K, reserved 1048576K
Event: 2204.710 GC heap after
Heap after GC invocations=256 (full 23):
 PSYoungGen      total 348672K, used 96478K [0x00000000e0000000, 0x00000000ffd00000, 0x0000000100000000)
  eden space 183808K, 0% used [0x00000000e0000000,0x00000000e0000000,0x00000000eb380000)
  from space 164864K, 58% used [0x00000000eb380000,0x00000000f11b7a50,0x00000000f5480000)
  to   space 166400K, 0% used [0x00000000f5a80000,0x00000000f5a80000,0x00000000ffd00000)
 ParOldGen       total 1048576K, used 79703K [0x00000000a0000000, 0x00000000e0000000, 0x00000000e0000000)
  object space 1048576K, 7% used [0x00000000a0000000,0x00000000a4dd5c98,0x00000000e0000000)
 Metaspace       used 70969K, capacity 73958K, committed 74368K, reserved 1114112K
  class space    used 9022K, capacity 9590K, committed 9856K, reserved 1048576K
}
Event: 2204.920 GC heap before
{Heap before GC invocations=257 (full 23):
 PSYoungGen      total 348672K, used 280286K [0x00000000e0000000, 0x00000000ffd00000, 0x0000000100000000)
  eden space 183808K, 100% used [0x00000000e0000000,0x00000000eb380000,0x00000000eb380000)
  from space 164864K, 58% used [0x00000000eb380000,0x00000000f11b7a50,0x00000000f5480000)
  to   space 166400K, 0% used [0x00000000f5a80000,0x00000000f5a80000,0x00000000ffd00000)
 ParOldGen       total 1048576K, used 79703K [0x00000000a0000000, 0x00000000e0000000, 0x00000000e0000000)
  object space 1048576K, 7% used [0x00000000a0000000,0x00000000a4dd5c98,0x00000000e0000000)
 Metaspace       used 70969K, capacity 73958K, committed 74368K, reserved 1114112K
  class space    used 9022K, capacity 9590K, committed 9856K, reserved 1048576K

